<?xml version="1.0" encoding="UTF-8"?>
<!-- Generated by org.testng.reporters.JUnitReportReporter -->
<testsuite hostname="bcedbeeced305228845cdfcdbdecdadone-0" failures="0" tests="1" name="runner.Testcase1" time="6.043" errors="0" timestamp="2023-09-19T05:00:45 UTC" skipped="0">
  <testcase classname="runner.Testcase1" name="TC_001" time="6.043"/>
</testsuite> <!-- runner.Testcase1 -->
